This is pdfTeX, Version 3.1415926-2.4-1.40.13 (TeX Live 2012/Debian) (format=pdflatex 2013.5.2)  25 JUN 2014 15:55
entering extended mode
 restricted \write18 enabled.
 %&-line parsing enabled.
**C_AnglesVS_Time_all.tex
(./C_AnglesVS_Time_all.tex
LaTeX2e <2011/06/27>
Babel <v3.8m> and hyphenation patterns for english, dumylang, nohyphenation, ng
erman, german, swissgerman, ngerman-x-2012-05-30, german-x-2012-05-30, loaded.
(/usr/share/texlive/texmf-dist/tex/latex/base/report.cls
Document Class: report 2007/10/19 v1.4h Standard LaTeX document class
(/usr/share/texlive/texmf-dist/tex/latex/base/size10.clo
File: size10.clo 2007/10/19 v1.4h Standard LaTeX file (size option)
)
\c@part=\count79
\c@chapter=\count80
\c@section=\count81
\c@subsection=\count82
\c@subsubsection=\count83
\c@paragraph=\count84
\c@subparagraph=\count85
\c@figure=\count86
\c@table=\count87
\abovecaptionskip=\skip41
\belowcaptionskip=\skip42
\bibindent=\dimen102
)
(/usr/share/texlive/texmf-dist/tex/latex/bold-extra/bold-extra.sty
Package: bold-extra 2001/11/13 v0.1 Use fonts from cm/mf-extra/bold
)
(/usr/share/texlive/texmf-dist/tex/latex/base/inputenc.sty
Package: inputenc 2008/03/30 v1.1d Input encoding file
\inpenc@prehook=\toks14
\inpenc@posthook=\toks15

(/usr/share/texlive/texmf-dist/tex/latex/ucs/utf8x.def
File: utf8x.def 2004/10/17 UCS: Input encoding UTF-8
))
(/usr/share/texlive/texmf-dist/tex/latex/ucs/ucs.sty
Package: ucs 2004/10/17 UCS: Unicode input support

(/usr/share/texlive/texmf-dist/tex/latex/ucs/data/uni-global.def
File: uni-global.def 2012/04/20 UCS: Unicode global data
)
\uc@secondtry=\count88
\uc@combtoks=\toks16
\uc@combtoksb=\toks17
\uc@temptokena=\toks18
)
(/usr/share/texlive/texmf-dist/tex/latex/preprint/fullpage.sty
Package: fullpage 1999/02/23 1.1 (PWD)
\FP@margin=\skip43
)
(/usr/share/texlive/texmf-dist/tex/latex/graphics/graphicx.sty
Package: graphicx 1999/02/16 v1.0f Enhanced LaTeX Graphics (DPC,SPQR)

(/usr/share/texlive/texmf-dist/tex/latex/graphics/keyval.sty
Package: keyval 1999/03/16 v1.13 key=value parser (DPC)
\KV@toks@=\toks19
)
(/usr/share/texlive/texmf-dist/tex/latex/graphics/graphics.sty
Package: graphics 2009/02/05 v1.0o Standard LaTeX Graphics (DPC,SPQR)

(/usr/share/texlive/texmf-dist/tex/latex/graphics/trig.sty
Package: trig 1999/03/16 v1.09 sin cos tan (DPC)
)
(/usr/share/texlive/texmf-dist/tex/latex/latexconfig/graphics.cfg
File: graphics.cfg 2010/04/23 v1.9 graphics configuration of TeX Live
)
Package graphics Info: Driver file: pdftex.def on input line 91.

(/usr/share/texlive/texmf-dist/tex/latex/pdftex-def/pdftex.def
File: pdftex.def 2011/05/27 v0.06d Graphics/color for pdfTeX

(/usr/share/texlive/texmf-dist/tex/generic/oberdiek/infwarerr.sty
Package: infwarerr 2010/04/08 v1.3 Providing info/warning/error messages (HO)
)
(/usr/share/texlive/texmf-dist/tex/generic/oberdiek/ltxcmds.sty
Package: ltxcmds 2011/11/09 v1.22 LaTeX kernel commands for general use (HO)
)
\Gread@gobject=\count89
))
\Gin@req@height=\dimen103
\Gin@req@width=\dimen104
)
(/usr/share/texlive/texmf-dist/tex/latex/subfig/subfig.sty
Package: subfig 2005/06/28 ver: 1.3 subfig package

(/usr/share/texlive/texmf-dist/tex/latex/caption/caption.sty
Package: caption 2012/02/19 v3.2f Customizing captions (AR)

(/usr/share/texlive/texmf-dist/tex/latex/caption/caption3.sty
Package: caption3 2012/01/12 v1.4b caption3 kernel (AR)
\captionmargin=\dimen105
\captionmargin@=\dimen106
\captionwidth=\dimen107
\caption@indent=\dimen108
\caption@parindent=\dimen109
\caption@hangindent=\dimen110
)
\c@ContinuedFloat=\count90
)
\c@KVtest=\count91
\sf@farskip=\skip44
\sf@captopadj=\dimen111
\sf@capskip=\skip45
\sf@nearskip=\skip46
\c@subfigure=\count92
\c@subfigure@save=\count93
\c@lofdepth=\count94
\c@subtable=\count95
\c@subtable@save=\count96
\c@lotdepth=\count97
\sf@top=\skip47
\sf@bottom=\skip48
)
(/usr/share/texlive/texmf-dist/tex/latex/amsmath/amsmath.sty
Package: amsmath 2000/07/18 v2.13 AMS math features
\@mathmargin=\skip49

For additional information on amsmath, use the `?' option.
(/usr/share/texlive/texmf-dist/tex/latex/amsmath/amstext.sty
Package: amstext 2000/06/29 v2.01

(/usr/share/texlive/texmf-dist/tex/latex/amsmath/amsgen.sty
File: amsgen.sty 1999/11/30 v2.0
\@emptytoks=\toks20
\ex@=\dimen112
))
(/usr/share/texlive/texmf-dist/tex/latex/amsmath/amsbsy.sty
Package: amsbsy 1999/11/29 v1.2d
\pmbraise@=\dimen113
)
(/usr/share/texlive/texmf-dist/tex/latex/amsmath/amsopn.sty
Package: amsopn 1999/12/14 v2.01 operator names
)
\inf@bad=\count98
LaTeX Info: Redefining \frac on input line 211.
\uproot@=\count99
\leftroot@=\count100
LaTeX Info: Redefining \overline on input line 307.
\classnum@=\count101
\DOTSCASE@=\count102
LaTeX Info: Redefining \ldots on input line 379.
LaTeX Info: Redefining \dots on input line 382.
LaTeX Info: Redefining \cdots on input line 467.
\Mathstrutbox@=\box26
\strutbox@=\box27
\big@size=\dimen114
LaTeX Font Info:    Redeclaring font encoding OML on input line 567.
LaTeX Font Info:    Redeclaring font encoding OMS on input line 568.
\macc@depth=\count103
\c@MaxMatrixCols=\count104
\dotsspace@=\muskip10
\c@parentequation=\count105
\dspbrk@lvl=\count106
\tag@help=\toks21
\row@=\count107
\column@=\count108
\maxfields@=\count109
\andhelp@=\toks22
\eqnshift@=\dimen115
\alignsep@=\dimen116
\tagshift@=\dimen117
\tagwidth@=\dimen118
\totwidth@=\dimen119
\lineht@=\dimen120
\@envbody=\toks23
\multlinegap=\skip50
\multlinetaggap=\skip51
\mathdisplay@stack=\toks24
LaTeX Info: Redefining \[ on input line 2666.
LaTeX Info: Redefining \] on input line 2667.
)
No file C_AnglesVS_Time_all.aux.
\openout1 = `C_AnglesVS_Time_all.aux'.

LaTeX Font Info:    Checking defaults for OML/cmm/m/it on input line 20.
LaTeX Font Info:    ... okay on input line 20.
LaTeX Font Info:    Checking defaults for T1/cmr/m/n on input line 20.
LaTeX Font Info:    ... okay on input line 20.
LaTeX Font Info:    Checking defaults for OT1/cmr/m/n on input line 20.
LaTeX Font Info:    ... okay on input line 20.
LaTeX Font Info:    Checking defaults for OMS/cmsy/m/n on input line 20.
LaTeX Font Info:    ... okay on input line 20.
LaTeX Font Info:    Checking defaults for OMX/cmex/m/n on input line 20.
LaTeX Font Info:    ... okay on input line 20.
LaTeX Font Info:    Checking defaults for U/cmr/m/n on input line 20.
LaTeX Font Info:    ... okay on input line 20.
(/usr/share/texlive/texmf-dist/tex/latex/ucs/ucsencs.def
File: ucsencs.def 2011/01/21 Fixes to fontencodings LGR, T3
)
(/usr/share/texlive/texmf-dist/tex/context/base/supp-pdf.mkii
[Loading MPS to PDF converter (version 2006.09.02).]
\scratchcounter=\count110
\scratchdimen=\dimen121
\scratchbox=\box28
\nofMPsegments=\count111
\nofMParguments=\count112
\everyMPshowfont=\toks25
\MPscratchCnt=\count113
\MPscratchDim=\dimen122
\MPnumerator=\count114
\makeMPintoPDFobject=\count115
\everyMPtoPDFconversion=\toks26
) (/usr/share/texlive/texmf-dist/tex/generic/oberdiek/pdftexcmds.sty
Package: pdftexcmds 2011/11/29 v0.20 Utility functions of pdfTeX for LuaTeX (HO
)

(/usr/share/texlive/texmf-dist/tex/generic/oberdiek/ifluatex.sty
Package: ifluatex 2010/03/01 v1.3 Provides the ifluatex switch (HO)
Package ifluatex Info: LuaTeX not detected.
)
(/usr/share/texlive/texmf-dist/tex/generic/oberdiek/ifpdf.sty
Package: ifpdf 2011/01/30 v2.3 Provides the ifpdf switch (HO)
Package ifpdf Info: pdfTeX in PDF mode is detected.
)
Package pdftexcmds Info: LuaTeX not detected.
Package pdftexcmds Info: \pdf@primitive is available.
Package pdftexcmds Info: \pdf@ifprimitive is available.
Package pdftexcmds Info: \pdfdraftmode found.
)
(/usr/share/texlive/texmf-dist/tex/latex/oberdiek/epstopdf-base.sty
Package: epstopdf-base 2010/02/09 v2.5 Base part for package epstopdf

(/usr/share/texlive/texmf-dist/tex/latex/oberdiek/grfext.sty
Package: grfext 2010/08/19 v1.1 Manage graphics extensions (HO)

(/usr/share/texlive/texmf-dist/tex/generic/oberdiek/kvdefinekeys.sty
Package: kvdefinekeys 2011/04/07 v1.3 Define keys (HO)
))
(/usr/share/texlive/texmf-dist/tex/latex/oberdiek/kvoptions.sty
Package: kvoptions 2011/06/30 v3.11 Key value format for package options (HO)

(/usr/share/texlive/texmf-dist/tex/generic/oberdiek/kvsetkeys.sty
Package: kvsetkeys 2012/04/25 v1.16 Key value parser (HO)

(/usr/share/texlive/texmf-dist/tex/generic/oberdiek/etexcmds.sty
Package: etexcmds 2011/02/16 v1.5 Avoid name clashes with e-TeX commands (HO)
Package etexcmds Info: Could not find \expanded.
(etexcmds)             That can mean that you are not using pdfTeX 1.50 or
(etexcmds)             that some package has redefined \expanded.
(etexcmds)             In the latter case, load this package earlier.
)))
Package grfext Info: Graphics extension search list:
(grfext)             [.png,.pdf,.jpg,.mps,.jpeg,.jbig2,.jb2,.PNG,.PDF,.JPG,.JPE
G,.JBIG2,.JB2,.eps]
(grfext)             \AppendGraphicsExtensions on input line 452.

(/usr/share/texlive/texmf-dist/tex/latex/latexconfig/epstopdf-sys.cfg
File: epstopdf-sys.cfg 2010/07/13 v1.3 Configuration of (r)epstopdf for TeX Liv
e
))
Package caption Info: Begin \AtBeginDocument code.
Package caption Info: subfig package v1.3 is loaded.
Package caption Info: End \AtBeginDocument code.

<thetas0w1000.png, id=1, 433.62pt x 289.08pt>
File: thetas0w1000.png Graphic file (type png)
 <use thetas0w1000.png>
Package pdftex.def Info: thetas0w1000.png used on input line 32.
(pdftex.def)             Requested size: 270.30118pt x 180.20699pt.

<rads0w1000.png, id=3, 433.62pt x 289.08pt>
File: rads0w1000.png Graphic file (type png)
 <use rads0w1000.png>
Package pdftex.def Info: rads0w1000.png used on input line 35.
(pdftex.def)             Requested size: 270.30118pt x 180.20699pt.

<thetas0w2000.png, id=4, 433.62pt x 289.08pt>
File: thetas0w2000.png Graphic file (type png)
 <use thetas0w2000.png>
Package pdftex.def Info: thetas0w2000.png used on input line 39.
(pdftex.def)             Requested size: 270.30118pt x 180.20699pt.

<rads0w2000.png, id=5, 433.62pt x 289.08pt>
File: rads0w2000.png Graphic file (type png)
 <use rads0w2000.png>
Package pdftex.def Info: rads0w2000.png used on input line 42.
(pdftex.def)             Requested size: 270.30118pt x 180.20699pt.

<thetas0w3000.png, id=6, 433.62pt x 289.08pt>
File: thetas0w3000.png Graphic file (type png)
 <use thetas0w3000.png>
Package pdftex.def Info: thetas0w3000.png used on input line 46.
(pdftex.def)             Requested size: 270.30118pt x 180.20699pt.

<rads0w3000.png, id=7, 433.62pt x 289.08pt>
File: rads0w3000.png Graphic file (type png)
 <use rads0w3000.png>
Package pdftex.def Info: rads0w3000.png used on input line 49.
(pdftex.def)             Requested size: 270.30118pt x 180.20699pt.

<thetas0w4000.png, id=8, 433.62pt x 289.08pt>
File: thetas0w4000.png Graphic file (type png)
 <use thetas0w4000.png>
Package pdftex.def Info: thetas0w4000.png used on input line 53.
(pdftex.def)             Requested size: 270.30118pt x 180.20699pt.

<rads0w4000.png, id=9, 433.62pt x 289.08pt>
File: rads0w4000.png Graphic file (type png)
 <use rads0w4000.png>
Package pdftex.def Info: rads0w4000.png used on input line 56.
(pdftex.def)             Requested size: 270.30118pt x 180.20699pt.

Overfull \hbox (41.78604pt too wide) in paragraph at lines 28--57
[][] 
 []


Overfull \hbox (41.78604pt too wide) in paragraph at lines 28--57
[][] 
 []


Overfull \hbox (41.78604pt too wide) in paragraph at lines 28--57
[][] 
 []


Overfull \hbox (41.78604pt too wide) in paragraph at lines 28--57
[][] 
 []


LaTeX Warning: Float too large for page by 48.73932pt on input line 57.

<thetas0w5000.png, id=10, 433.62pt x 289.08pt>
File: thetas0w5000.png Graphic file (type png)
 <use thetas0w5000.png>
Package pdftex.def Info: thetas0w5000.png used on input line 62.
(pdftex.def)             Requested size: 270.30118pt x 180.20699pt.

<rads0w5000.png, id=11, 433.62pt x 289.08pt>
File: rads0w5000.png Graphic file (type png)
 <use rads0w5000.png>
Package pdftex.def Info: rads0w5000.png used on input line 65.
(pdftex.def)             Requested size: 270.30118pt x 180.20699pt.

<thetas0w6500.png, id=12, 433.62pt x 289.08pt>
File: thetas0w6500.png Graphic file (type png)
 <use thetas0w6500.png>
Package pdftex.def Info: thetas0w6500.png used on input line 69.
(pdftex.def)             Requested size: 270.30118pt x 180.20699pt.

<rads0w6500.png, id=13, 433.62pt x 289.08pt>
File: rads0w6500.png Graphic file (type png)
 <use rads0w6500.png>
Package pdftex.def Info: rads0w6500.png used on input line 72.
(pdftex.def)             Requested size: 270.30118pt x 180.20699pt.

<thetas0w7000.png, id=14, 433.62pt x 289.08pt>
File: thetas0w7000.png Graphic file (type png)
 <use thetas0w7000.png>
Package pdftex.def Info: thetas0w7000.png used on input line 76.
(pdftex.def)             Requested size: 270.30118pt x 180.20699pt.

<rads0w7000.png, id=15, 433.62pt x 289.08pt>
File: rads0w7000.png Graphic file (type png)
 <use rads0w7000.png>
Package pdftex.def Info: rads0w7000.png used on input line 79.
(pdftex.def)             Requested size: 270.30118pt x 180.20699pt.

<thetas0w8000.png, id=16, 433.62pt x 289.08pt>
File: thetas0w8000.png Graphic file (type png)
 <use thetas0w8000.png>
Package pdftex.def Info: thetas0w8000.png used on input line 83.
(pdftex.def)             Requested size: 270.30118pt x 180.20699pt.

<rads0w8000.png, id=17, 433.62pt x 289.08pt>
File: rads0w8000.png Graphic file (type png)
 <use rads0w8000.png>
Package pdftex.def Info: rads0w8000.png used on input line 86.
(pdftex.def)             Requested size: 270.30118pt x 180.20699pt.

Overfull \hbox (41.78604pt too wide) in paragraph at lines 62--87
[][][] 
 []


Overfull \hbox (41.78604pt too wide) in paragraph at lines 62--87
[][] 
 []


Overfull \hbox (41.78604pt too wide) in paragraph at lines 62--87
[][] 
 []


Overfull \hbox (41.78604pt too wide) in paragraph at lines 62--87
[][] 
 []


LaTeX Warning: Float too large for page by 34.13934pt on input line 87.

<thetas0w9000.png, id=18, 433.62pt x 289.08pt>
File: thetas0w9000.png Graphic file (type png)
 <use thetas0w9000.png>
Package pdftex.def Info: thetas0w9000.png used on input line 92.
(pdftex.def)             Requested size: 270.30118pt x 180.20699pt.

<rads0w9000.png, id=19, 433.62pt x 289.08pt>
File: rads0w9000.png Graphic file (type png)
 <use rads0w9000.png>
Package pdftex.def Info: rads0w9000.png used on input line 95.
(pdftex.def)             Requested size: 270.30118pt x 180.20699pt.

<thetas0w10000.png, id=20, 433.62pt x 289.08pt>
File: thetas0w10000.png Graphic file (type png)
 <use thetas0w10000.png>
Package pdftex.def Info: thetas0w10000.png used on input line 99.
(pdftex.def)             Requested size: 270.30118pt x 180.20699pt.

<rads0w10000.png, id=21, 433.62pt x 289.08pt>
File: rads0w10000.png Graphic file (type png)
 <use rads0w10000.png>
Package pdftex.def Info: rads0w10000.png used on input line 102.
(pdftex.def)             Requested size: 270.30118pt x 180.20699pt.

<thetas5w1000.png, id=22, 433.62pt x 289.08pt>
File: thetas5w1000.png Graphic file (type png)
 <use thetas5w1000.png>
Package pdftex.def Info: thetas5w1000.png used on input line 109.
(pdftex.def)             Requested size: 270.30118pt x 180.20699pt.

<rads5w1000.png, id=23, 433.62pt x 289.08pt>
File: rads5w1000.png Graphic file (type png)
 <use rads5w1000.png>
Package pdftex.def Info: rads5w1000.png used on input line 112.
(pdftex.def)             Requested size: 270.30118pt x 180.20699pt.

<thetas5w2000.png, id=24, 433.62pt x 289.08pt>
File: thetas5w2000.png Graphic file (type png)
 <use thetas5w2000.png>
Package pdftex.def Info: thetas5w2000.png used on input line 116.
(pdftex.def)             Requested size: 270.30118pt x 180.20699pt.

<rads5w2000.png, id=25, 433.62pt x 289.08pt>
File: rads5w2000.png Graphic file (type png)
 <use rads5w2000.png>
Package pdftex.def Info: rads5w2000.png used on input line 119.
(pdftex.def)             Requested size: 270.30118pt x 180.20699pt.

Overfull \hbox (41.78604pt too wide) in paragraph at lines 92--120
[][][] 
 []


Overfull \hbox (41.78604pt too wide) in paragraph at lines 92--120
[][] 
 []


Overfull \hbox (41.78604pt too wide) in paragraph at lines 92--120
[][] 
 []


Overfull \hbox (41.78604pt too wide) in paragraph at lines 92--120
[][] 
 []


LaTeX Warning: Float too large for page by 48.93933pt on input line 120.

<thetas5w3000.png, id=26, 433.62pt x 289.08pt>
File: thetas5w3000.png Graphic file (type png)
 <use thetas5w3000.png>
Package pdftex.def Info: thetas5w3000.png used on input line 124.
(pdftex.def)             Requested size: 270.30118pt x 180.20699pt.

<rads5w3000.png, id=27, 433.62pt x 289.08pt>
File: rads5w3000.png Graphic file (type png)
 <use rads5w3000.png>
Package pdftex.def Info: rads5w3000.png used on input line 127.
(pdftex.def)             Requested size: 270.30118pt x 180.20699pt.

<thetas5w4000.png, id=28, 433.62pt x 289.08pt>
File: thetas5w4000.png Graphic file (type png)
 <use thetas5w4000.png>
Package pdftex.def Info: thetas5w4000.png used on input line 131.
(pdftex.def)             Requested size: 270.30118pt x 180.20699pt.

<rads5w4000.png, id=29, 433.62pt x 289.08pt>
File: rads5w4000.png Graphic file (type png)
 <use rads5w4000.png>
Package pdftex.def Info: rads5w4000.png used on input line 134.
(pdftex.def)             Requested size: 270.30118pt x 180.20699pt.

<thetas5w5000.png, id=30, 433.62pt x 289.08pt>
File: thetas5w5000.png Graphic file (type png)
 <use thetas5w5000.png>
Package pdftex.def Info: thetas5w5000.png used on input line 138.
(pdftex.def)             Requested size: 270.30118pt x 180.20699pt.

<rads5w5000.png, id=31, 433.62pt x 289.08pt>
File: rads5w5000.png Graphic file (type png)
 <use rads5w5000.png>
Package pdftex.def Info: rads5w5000.png used on input line 141.
(pdftex.def)             Requested size: 270.30118pt x 180.20699pt.

<thetas5w6500.png, id=32, 433.62pt x 289.08pt>
File: thetas5w6500.png Graphic file (type png)
 <use thetas5w6500.png>
Package pdftex.def Info: thetas5w6500.png used on input line 145.
(pdftex.def)             Requested size: 270.30118pt x 180.20699pt.

<rads5w6500.png, id=33, 433.62pt x 289.08pt>
File: rads5w6500.png Graphic file (type png)
 <use rads5w6500.png>
Package pdftex.def Info: rads5w6500.png used on input line 148.
(pdftex.def)             Requested size: 270.30118pt x 180.20699pt.

Overfull \hbox (41.78604pt too wide) in paragraph at lines 124--149
[][][] 
 []


Overfull \hbox (41.78604pt too wide) in paragraph at lines 124--149
[][] 
 []


Overfull \hbox (41.78604pt too wide) in paragraph at lines 124--149
[][] 
 []


Overfull \hbox (41.78604pt too wide) in paragraph at lines 124--149
[][] 
 []


LaTeX Warning: Float too large for page by 34.13934pt on input line 149.

<thetas5w7000.png, id=34, 433.62pt x 289.08pt>
File: thetas5w7000.png Graphic file (type png)
 <use thetas5w7000.png>
Package pdftex.def Info: thetas5w7000.png used on input line 153.
(pdftex.def)             Requested size: 270.30118pt x 180.20699pt.

<rads5w7000.png, id=35, 433.62pt x 289.08pt>
File: rads5w7000.png Graphic file (type png)
 <use rads5w7000.png>
Package pdftex.def Info: rads5w7000.png used on input line 156.
(pdftex.def)             Requested size: 270.30118pt x 180.20699pt.

<thetas5w8000.png, id=36, 433.62pt x 289.08pt>
File: thetas5w8000.png Graphic file (type png)
 <use thetas5w8000.png>
Package pdftex.def Info: thetas5w8000.png used on input line 160.
(pdftex.def)             Requested size: 270.30118pt x 180.20699pt.

<rads5w8000.png, id=37, 433.62pt x 289.08pt>
File: rads5w8000.png Graphic file (type png)
 <use rads5w8000.png>
Package pdftex.def Info: rads5w8000.png used on input line 163.
(pdftex.def)             Requested size: 270.30118pt x 180.20699pt.

<thetas5w9000.png, id=38, 433.62pt x 289.08pt>
File: thetas5w9000.png Graphic file (type png)
 <use thetas5w9000.png>
Package pdftex.def Info: thetas5w9000.png used on input line 167.
(pdftex.def)             Requested size: 270.30118pt x 180.20699pt.

<rads5w9000.png, id=39, 433.62pt x 289.08pt>
File: rads5w9000.png Graphic file (type png)
 <use rads5w9000.png>
Package pdftex.def Info: rads5w9000.png used on input line 170.
(pdftex.def)             Requested size: 270.30118pt x 180.20699pt.

<thetas5w10000.png, id=40, 433.62pt x 289.08pt>
File: thetas5w10000.png Graphic file (type png)
 <use thetas5w10000.png>
Package pdftex.def Info: thetas5w10000.png used on input line 174.
(pdftex.def)             Requested size: 270.30118pt x 180.20699pt.

<rads5w10000.png, id=41, 433.62pt x 289.08pt>
File: rads5w10000.png Graphic file (type png)
 <use rads5w10000.png>
Package pdftex.def Info: rads5w10000.png used on input line 177.
(pdftex.def)             Requested size: 270.30118pt x 180.20699pt.

Overfull \hbox (41.78604pt too wide) in paragraph at lines 153--178
[][][] 
 []


Overfull \hbox (41.78604pt too wide) in paragraph at lines 153--178
[][] 
 []


Overfull \hbox (41.78604pt too wide) in paragraph at lines 153--178
[][] 
 []


Overfull \hbox (41.78604pt too wide) in paragraph at lines 153--178
[][] 
 []


LaTeX Warning: Float too large for page by 34.13934pt on input line 178.

<thetas11w1000.png, id=42, 433.62pt x 289.08pt>
File: thetas11w1000.png Graphic file (type png)
 <use thetas11w1000.png>
Package pdftex.def Info: thetas11w1000.png used on input line 186.
(pdftex.def)             Requested size: 270.30118pt x 180.20699pt.

<rads11w1000.png, id=43, 433.62pt x 289.08pt>
File: rads11w1000.png Graphic file (type png)
 <use rads11w1000.png>
Package pdftex.def Info: rads11w1000.png used on input line 189.
(pdftex.def)             Requested size: 270.30118pt x 180.20699pt.

<thetas11w3000.png, id=44, 433.62pt x 289.08pt>
File: thetas11w3000.png Graphic file (type png)
 <use thetas11w3000.png>
Package pdftex.def Info: thetas11w3000.png used on input line 193.
(pdftex.def)             Requested size: 270.30118pt x 180.20699pt.

<rads11w3000.png, id=45, 433.62pt x 289.08pt>
File: rads11w3000.png Graphic file (type png)
 <use rads11w3000.png>
Package pdftex.def Info: rads11w3000.png used on input line 196.
(pdftex.def)             Requested size: 270.30118pt x 180.20699pt.

<thetas11w4000.png, id=46, 433.62pt x 289.08pt>
File: thetas11w4000.png Graphic file (type png)
 <use thetas11w4000.png>
Package pdftex.def Info: thetas11w4000.png used on input line 200.
(pdftex.def)             Requested size: 270.30118pt x 180.20699pt.

<rads11w4000.png, id=47, 433.62pt x 289.08pt>
File: rads11w4000.png Graphic file (type png)
 <use rads11w4000.png>
Package pdftex.def Info: rads11w4000.png used on input line 203.
(pdftex.def)             Requested size: 270.30118pt x 180.20699pt.

<thetas11w5000.png, id=48, 433.62pt x 289.08pt>
File: thetas11w5000.png Graphic file (type png)
 <use thetas11w5000.png>
Package pdftex.def Info: thetas11w5000.png used on input line 207.
(pdftex.def)             Requested size: 270.30118pt x 180.20699pt.

<rads11w5000.png, id=49, 433.62pt x 289.08pt>
File: rads11w5000.png Graphic file (type png)
 <use rads11w5000.png>
Package pdftex.def Info: rads11w5000.png used on input line 210.
(pdftex.def)             Requested size: 270.30118pt x 180.20699pt.

Overfull \hbox (41.78604pt too wide) in paragraph at lines 182--211
[][] 
 []


Overfull \hbox (41.78604pt too wide) in paragraph at lines 182--211
[][] 
 []


Overfull \hbox (41.78604pt too wide) in paragraph at lines 182--211
[][] 
 []


Overfull \hbox (41.78604pt too wide) in paragraph at lines 182--211
[][] 
 []


LaTeX Warning: Float too large for page by 48.73932pt on input line 211.

<thetas11w6500.png, id=50, 433.62pt x 289.08pt>
File: thetas11w6500.png Graphic file (type png)
 <use thetas11w6500.png>
Package pdftex.def Info: thetas11w6500.png used on input line 215.
(pdftex.def)             Requested size: 270.30118pt x 180.20699pt.

<rads11w6500.png, id=51, 433.62pt x 289.08pt>
File: rads11w6500.png Graphic file (type png)
 <use rads11w6500.png>
Package pdftex.def Info: rads11w6500.png used on input line 218.
(pdftex.def)             Requested size: 270.30118pt x 180.20699pt.

<thetas11w7000.png, id=52, 433.62pt x 289.08pt>
File: thetas11w7000.png Graphic file (type png)
 <use thetas11w7000.png>
Package pdftex.def Info: thetas11w7000.png used on input line 222.
(pdftex.def)             Requested size: 270.30118pt x 180.20699pt.

<rads11w7000.png, id=53, 433.62pt x 289.08pt>
File: rads11w7000.png Graphic file (type png)
 <use rads11w7000.png>
Package pdftex.def Info: rads11w7000.png used on input line 225.
(pdftex.def)             Requested size: 270.30118pt x 180.20699pt.

<thetas11w8000.png, id=54, 433.62pt x 289.08pt>
File: thetas11w8000.png Graphic file (type png)
 <use thetas11w8000.png>
Package pdftex.def Info: thetas11w8000.png used on input line 229.
(pdftex.def)             Requested size: 270.30118pt x 180.20699pt.

<rads11w8000.png, id=55, 433.62pt x 289.08pt>
File: rads11w8000.png Graphic file (type png)
 <use rads11w8000.png>
Package pdftex.def Info: rads11w8000.png used on input line 232.
(pdftex.def)             Requested size: 270.30118pt x 180.20699pt.

<thetas11w9000.png, id=56, 433.62pt x 289.08pt>
File: thetas11w9000.png Graphic file (type png)
 <use thetas11w9000.png>
Package pdftex.def Info: thetas11w9000.png used on input line 236.
(pdftex.def)             Requested size: 270.30118pt x 180.20699pt.

<rads11w9000.png, id=57, 433.62pt x 289.08pt>
File: rads11w9000.png Graphic file (type png)
 <use rads11w9000.png>
Package pdftex.def Info: rads11w9000.png used on input line 239.
(pdftex.def)             Requested size: 270.30118pt x 180.20699pt.

Overfull \hbox (41.78604pt too wide) in paragraph at lines 215--240
[][][] 
 []


Overfull \hbox (41.78604pt too wide) in paragraph at lines 215--240
[][] 
 []


Overfull \hbox (41.78604pt too wide) in paragraph at lines 215--240
[][] 
 []


Overfull \hbox (41.78604pt too wide) in paragraph at lines 215--240
[][] 
 []


LaTeX Warning: Float too large for page by 34.13934pt on input line 240.

<thetas11w10000.png, id=58, 433.62pt x 289.08pt>
File: thetas11w10000.png Graphic file (type png)
 <use thetas11w10000.png>
Package pdftex.def Info: thetas11w10000.png used on input line 244.
(pdftex.def)             Requested size: 270.30118pt x 180.20699pt.

<rads11w10000.png, id=59, 433.62pt x 289.08pt>
File: rads11w10000.png Graphic file (type png)
 <use rads11w10000.png>
Package pdftex.def Info: rads11w10000.png used on input line 247.
(pdftex.def)             Requested size: 270.30118pt x 180.20699pt.

<thetas17w1000.png, id=60, 433.62pt x 289.08pt>
File: thetas17w1000.png Graphic file (type png)
 <use thetas17w1000.png>
Package pdftex.def Info: thetas17w1000.png used on input line 254.
(pdftex.def)             Requested size: 270.30118pt x 180.20699pt.

<rads17w1000.png, id=61, 433.62pt x 289.08pt>
File: rads17w1000.png Graphic file (type png)
 <use rads17w1000.png>
Package pdftex.def Info: rads17w1000.png used on input line 257.
(pdftex.def)             Requested size: 270.30118pt x 180.20699pt.

<thetas17w2000.png, id=62, 433.62pt x 289.08pt>
File: thetas17w2000.png Graphic file (type png)
 <use thetas17w2000.png>
Package pdftex.def Info: thetas17w2000.png used on input line 261.
(pdftex.def)             Requested size: 270.30118pt x 180.20699pt.

<rads17w2000.png, id=63, 433.62pt x 289.08pt>
File: rads17w2000.png Graphic file (type png)
 <use rads17w2000.png>
Package pdftex.def Info: rads17w2000.png used on input line 264.
(pdftex.def)             Requested size: 270.30118pt x 180.20699pt.

<thetas17w3000.png, id=64, 433.62pt x 289.08pt>
File: thetas17w3000.png Graphic file (type png)
 <use thetas17w3000.png>
Package pdftex.def Info: thetas17w3000.png used on input line 268.
(pdftex.def)             Requested size: 270.30118pt x 180.20699pt.

<rads17w3000.png, id=65, 433.62pt x 289.08pt>
File: rads17w3000.png Graphic file (type png)
 <use rads17w3000.png>
Package pdftex.def Info: rads17w3000.png used on input line 271.
(pdftex.def)             Requested size: 270.30118pt x 180.20699pt.

Overfull \hbox (41.78604pt too wide) in paragraph at lines 244--272
[][][] 
 []


Overfull \hbox (41.78604pt too wide) in paragraph at lines 244--272
[][] 
 []


Overfull \hbox (41.78604pt too wide) in paragraph at lines 244--272
[][] 
 []


Overfull \hbox (41.78604pt too wide) in paragraph at lines 244--272
[][] 
 []


LaTeX Warning: Float too large for page by 48.93933pt on input line 272.

<thetas17w4000.png, id=66, 433.62pt x 289.08pt>
File: thetas17w4000.png Graphic file (type png)
 <use thetas17w4000.png>
Package pdftex.def Info: thetas17w4000.png used on input line 276.
(pdftex.def)             Requested size: 270.30118pt x 180.20699pt.

<rads17w4000.png, id=67, 433.62pt x 289.08pt>
File: rads17w4000.png Graphic file (type png)
 <use rads17w4000.png>
Package pdftex.def Info: rads17w4000.png used on input line 279.
(pdftex.def)             Requested size: 270.30118pt x 180.20699pt.

<thetas17w5000.png, id=68, 433.62pt x 289.08pt>
File: thetas17w5000.png Graphic file (type png)
 <use thetas17w5000.png>
Package pdftex.def Info: thetas17w5000.png used on input line 283.
(pdftex.def)             Requested size: 270.30118pt x 180.20699pt.

<rads17w5000.png, id=69, 433.62pt x 289.08pt>
File: rads17w5000.png Graphic file (type png)
 <use rads17w5000.png>
Package pdftex.def Info: rads17w5000.png used on input line 286.
(pdftex.def)             Requested size: 270.30118pt x 180.20699pt.

<thetas17w6500.png, id=70, 433.62pt x 289.08pt>
File: thetas17w6500.png Graphic file (type png)
 <use thetas17w6500.png>
Package pdftex.def Info: thetas17w6500.png used on input line 290.
(pdftex.def)             Requested size: 270.30118pt x 180.20699pt.

<rads17w6500.png, id=71, 433.62pt x 289.08pt>
File: rads17w6500.png Graphic file (type png)
 <use rads17w6500.png>
Package pdftex.def Info: rads17w6500.png used on input line 293.
(pdftex.def)             Requested size: 270.30118pt x 180.20699pt.

<thetas17w7000.png, id=72, 433.62pt x 289.08pt>
File: thetas17w7000.png Graphic file (type png)
 <use thetas17w7000.png>
Package pdftex.def Info: thetas17w7000.png used on input line 297.
(pdftex.def)             Requested size: 270.30118pt x 180.20699pt.

<rads17w7000.png, id=73, 433.62pt x 289.08pt>
File: rads17w7000.png Graphic file (type png)
 <use rads17w7000.png>
Package pdftex.def Info: rads17w7000.png used on input line 300.
(pdftex.def)             Requested size: 270.30118pt x 180.20699pt.

Overfull \hbox (41.78604pt too wide) in paragraph at lines 276--301
[][][] 
 []


Overfull \hbox (41.78604pt too wide) in paragraph at lines 276--301
[][] 
 []


Overfull \hbox (41.78604pt too wide) in paragraph at lines 276--301
[][] 
 []


Overfull \hbox (41.78604pt too wide) in paragraph at lines 276--301
[][] 
 []


LaTeX Warning: Float too large for page by 34.13934pt on input line 301.

<thetas17w8000.png, id=74, 433.62pt x 289.08pt>
File: thetas17w8000.png Graphic file (type png)
 <use thetas17w8000.png>
Package pdftex.def Info: thetas17w8000.png used on input line 305.
(pdftex.def)             Requested size: 270.30118pt x 180.20699pt.

<rads17w8000.png, id=75, 433.62pt x 289.08pt>
File: rads17w8000.png Graphic file (type png)
 <use rads17w8000.png>
Package pdftex.def Info: rads17w8000.png used on input line 308.
(pdftex.def)             Requested size: 270.30118pt x 180.20699pt.

<thetas17w9000.png, id=76, 433.62pt x 289.08pt>
File: thetas17w9000.png Graphic file (type png)
 <use thetas17w9000.png>
Package pdftex.def Info: thetas17w9000.png used on input line 312.
(pdftex.def)             Requested size: 270.30118pt x 180.20699pt.

<rads17w9000.png, id=77, 433.62pt x 289.08pt>
File: rads17w9000.png Graphic file (type png)
 <use rads17w9000.png>
Package pdftex.def Info: rads17w9000.png used on input line 315.
(pdftex.def)             Requested size: 270.30118pt x 180.20699pt.

<thetas17w10000.png, id=78, 433.62pt x 289.08pt>
File: thetas17w10000.png Graphic file (type png)
 <use thetas17w10000.png>
Package pdftex.def Info: thetas17w10000.png used on input line 319.
(pdftex.def)             Requested size: 270.30118pt x 180.20699pt.

<rads17w10000.png, id=79, 433.62pt x 289.08pt>
File: rads17w10000.png Graphic file (type png)
 <use rads17w10000.png>
Package pdftex.def Info: rads17w10000.png used on input line 322.
(pdftex.def)             Requested size: 270.30118pt x 180.20699pt.

Overfull \hbox (41.78604pt too wide) in paragraph at lines 305--323
[][][] 
 []


Overfull \hbox (41.78604pt too wide) in paragraph at lines 305--323
[][] 
 []


Overfull \hbox (41.78604pt too wide) in paragraph at lines 305--323
[][] 
 []

<theta_r_s0.png, id=80, 433.62pt x 289.08pt>
File: theta_r_s0.png Graphic file (type png)
 <use theta_r_s0.png>
Package pdftex.def Info: theta_r_s0.png used on input line 337.
(pdftex.def)             Requested size: 270.30118pt x 180.20699pt.

<theta_r_s5.png, id=81, 433.62pt x 289.08pt>
File: theta_r_s5.png Graphic file (type png)
 <use theta_r_s5.png>
Package pdftex.def Info: theta_r_s5.png used on input line 340.
(pdftex.def)             Requested size: 270.30118pt x 180.20699pt.

<theta_r_s11.png, id=82, 433.62pt x 289.08pt>
File: theta_r_s11.png Graphic file (type png)
 <use theta_r_s11.png>
Package pdftex.def Info: theta_r_s11.png used on input line 344.
(pdftex.def)             Requested size: 270.30118pt x 180.20699pt.

<theta_r_s17.png, id=83, 433.62pt x 289.08pt>
File: theta_r_s17.png Graphic file (type png)
 <use theta_r_s17.png>
Package pdftex.def Info: theta_r_s17.png used on input line 347.
(pdftex.def)             Requested size: 270.30118pt x 180.20699pt.

<C_Angles_OH.png, id=84, 433.62pt x 289.08pt>
File: C_Angles_OH.png Graphic file (type png)
 <use C_Angles_OH.png>
Package pdftex.def Info: C_Angles_OH.png used on input line 354.
(pdftex.def)             Requested size: 270.30118pt x 180.20699pt.

<Sigma_OH.png, id=85, 433.62pt x 289.08pt>
File: Sigma_OH.png Graphic file (type png)
 <use Sigma_OH.png>
Package pdftex.def Info: Sigma_OH.png used on input line 357.
(pdftex.def)             Requested size: 270.30118pt x 180.20699pt.

Overfull \hbox (41.78604pt too wide) in paragraph at lines 326--358
[][] 
 []


Overfull \hbox (41.78604pt too wide) in paragraph at lines 326--358
[][] 
 []


Underfull \hbox (badness 10000) in paragraph at lines 326--358

 []


Overfull \hbox (41.78604pt too wide) in paragraph at lines 326--358
[][] 
 []

[1{/var/lib/texmf/fonts/map/pdftex/updmap/pdftex.map} <./thetas0w1000.png> <./r
ads0w1000.png> <./thetas0w2000.png> <./rads0w2000.png> <./thetas0w3000.png> <./
rads0w3000.png> <./thetas0w4000.png> <./rads0w4000.png>] [2 <./thetas0w5000.png
> <./rads0w5000.png> <./thetas0w6500.png> <./rads0w6500.png> <./thetas0w7000.pn
g> <./rads0w7000.png> <./thetas0w8000.png> <./rads0w8000.png>] [3 <./thetas0w90
00.png> <./rads0w9000.png> <./thetas0w10000.png> <./rads0w10000.png> <./thetas5
w1000.png> <./rads5w1000.png> <./thetas5w2000.png> <./rads5w2000.png>] [4 <./th
etas5w3000.png> <./rads5w3000.png> <./thetas5w4000.png> <./rads5w4000.png> <./t
hetas5w5000.png> <./rads5w5000.png> <./thetas5w6500.png> <./rads5w6500.png>]
[5 <./thetas5w7000.png> <./rads5w7000.png> <./thetas5w8000.png> <./rads5w8000.p
ng> <./thetas5w9000.png> <./rads5w9000.png> <./thetas5w10000.png> <./rads5w1000
0.png>] [6 <./thetas11w1000.png> <./rads11w1000.png> <./thetas11w3000.png> <./r
ads11w3000.png> <./thetas11w4000.png> <./rads11w4000.png> <./thetas11w5000.png>
 <./rads11w5000.png>] [7 <./thetas11w6500.png> <./rads11w6500.png> <./thetas11w
7000.png> <./rads11w7000.png> <./thetas11w8000.png> <./rads11w8000.png> <./thet
as11w9000.png> <./rads11w9000.png>] [8 <./thetas11w10000.png> <./rads11w10000.p
ng> <./thetas17w1000.png> <./rads17w1000.png> <./thetas17w2000.png> <./rads17w2
000.png> <./thetas17w3000.png> <./rads17w3000.png>] [9 <./thetas17w4000.png> <.
/rads17w4000.png> <./thetas17w5000.png> <./rads17w5000.png> <./thetas17w6500.pn
g> <./rads17w6500.png> <./thetas17w7000.png> <./rads17w7000.png>] [10 <./thetas
17w8000.png> <./rads17w8000.png> <./thetas17w9000.png> <./rads17w9000.png> <./t
hetas17w10000.png> <./rads17w10000.png>] [11 <./theta_r_s0.png> <./theta_r_s5.p
ng> <./theta_r_s11.png> <./theta_r_s17.png> <./C_Angles_OH.png> <./Sigma_OH.png
>] (./C_AnglesVS_Time_all.aux) ) 
Here is how much of TeX's memory you used:
 3940 strings out of 495007
 62329 string characters out of 3179691
 131670 words of memory out of 3000000
 7024 multiletter control sequences out of 15000+200000
 5004 words of font info for 19 fonts, out of 3000000 for 9000
 14 hyphenation exceptions out of 8191
 44i,6n,42p,319b,324s stack positions out of 5000i,500n,10000p,200000b,50000s
</usr/share/texlive/texmf-dist/fonts/type1/publ
ic/amsfonts/cm/cmmi10.pfb></usr/share/texlive/texmf-dist/fonts/type1/public/ams
fonts/cm/cmmi12.pfb></usr/share/texlive/texmf-dist/fonts/type1/public/amsfonts/
cm/cmr10.pfb></usr/share/texlive/texmf-dist/fonts/type1/public/amsfonts/cm/cmr1
2.pfb></usr/share/texlive/texmf-dist/fonts/type1/public/amsfonts/cm/cmsy10.pfb>

Output written on C_AnglesVS_Time_all.pdf (11 pages, 1061339 bytes).
PDF statistics:
 229 PDF objects out of 1000 (max. 8388607)
 42 compressed objects within 1 object stream
 0 named destinations out of 1000 (max. 500000)
 421 words of extra memory for PDF output out of 10000 (max. 10000000)

